7bfa2c1|bvandenbogaerde|Thu Dec 19 15:14:03 2013 +0100|Server class unused code cleanup, remove of policy [cleanup]
2405d35|bvandenbogaerde|Wed Dec 18 21:30:17 2013 +0100|0.1.3.2
2c9973d|bvandenbogaerde|Wed Dec 18 21:25:53 2013 +0100|Auto-api: Make request in model available for session control + various fixes [auto-api][stage 2]
a90e685|bvandenbogaerde|Wed Dec 18 21:11:21 2013 +0100|functional auto-api [stage 1]
b02c9c6|bvandenbogaerde|Wed Dec 18 20:04:00 2013 +0100|fixed typo in routes + initiliaze @models variable
4a3493c|bvandenbogaerde|Wed Dec 18 19:54:57 2013 +0100|ModelHelper return real 403
3c6a827|bvandenbogaerde|Wed Dec 18 19:38:44 2013 +0100|fixed syntax error
5369790|bvandenbogaerde|Wed Dec 18 19:29:57 2013 +0100|auto-api security
299966e|bvandenbogaerde|Tue Dec 17 22:23:42 2013 +0100|End message of action new.
24eb1da|bvandenbogaerde|Tue Dec 17 22:19:00 2013 +0100|fix welcome message design
f0b5d8c|bvandenbogaerde|Tue Dec 17 22:18:44 2013 +0100|Version 0.1.3.1 + minigit as a runtime dependency
1a0a936|bvandenbogaerde|Tue Dec 17 22:17:18 2013 +0100|plugables cli, clone git plugables repository instead of downloading individual files from raw.github.com
154c41d|bvandenbogaerde|Wed Dec 11 22:30:18 2013 +0100|remove plugables from config/plugables
af05bcc|bvandenbogaerde|Wed Dec 11 22:16:41 2013 +0100|welcome template used in defaultcontroller
c26509b|bvandenbogaerde|Wed Dec 11 22:15:19 2013 +0100|create new welcome templates
1447b66|bvandenbogaerde|Wed Dec 11 21:33:19 2013 +0100|removed submodule plugables
c336353|bvandenbogaerde|Wed Dec 11 21:26:23 2013 +0100|afw is changed to action [documentation]
596f0f1|bvandenbogaerde|Wed Dec 11 21:16:36 2013 +0100|added changelog link
8c24f9e|bvandenbogaerde|Wed Dec 11 21:16:25 2013 +0100|added changelog link
d978de7|bvandenbogaerde|Wed Dec 11 20:46:06 2013 +0100|changelog and version change
934b6fb|bvandenbogaerde|Wed Dec 11 20:17:17 2013 +0100|response with 404 cocode when route is not found
ddd2990|bvandenbogaerde|Wed Dec 11 20:03:24 2013 +0100|fully functional fix for issue #7
de7fa2a|bvandenbogaerde|Wed Dec 11 19:03:12 2013 +0100|jewel as runtime dependency
be2097f|bvandenbogaerde|Wed Dec 11 19:01:54 2013 +0100|attempt to fixe default error templates loading
ef8214c|bvandenbogaerde|Wed Dec 11 18:46:35 2013 +0100|error templates (as part of fix of issue #7)
002f7e6|bvandenbogaerde|Wed Dec 11 18:34:15 2013 +0100|updated version number
30bcc5a|bvandenbogaerde|Wed Dec 11 18:31:19 2013 +0100|attempt fix issue #7
d8225d6|bvandenbogaerde|Tue Dec 10 22:26:24 2013 +0100|changed size of logo
6136db3|bvandenbogaerde|Tue Dec 10 22:23:46 2013 +0100|changed size of logo
b5a933c|bvandenbogaerde|Tue Dec 10 22:22:14 2013 +0100|new logo
27cd1c7|bvandenbogaerde|Sun Dec 8 20:47:20 2013 +0100|added warning [readme][doc]
36bddc6|bvandenbogaerde|Sun Dec 8 20:46:24 2013 +0100|added warning [readme][doc]
467263e|bvandenbogaerde|Sun Dec 8 20:42:02 2013 +0100|create plugables file config.rb[cli]
0c1255d|bvandenbogaerde|Sun Dec 8 20:27:57 2013 +0100|[plugables] load plugable from installation if in installation [part1][feature]
c752faa|bvandenbogaerde|Sun Dec 8 20:14:21 2013 +0100|plugables [part1][feature]
1d2fbfb|bvandenbogaerde|Sun Dec 8 14:26:41 2013 +0100|plugables [init][feature]
ce97eae|bvandenbogaerde|Sun Dec 8 11:56:43 2013 +0100|fixed base class [typo]
540abea|bvandenbogaerde|Sun Dec 8 11:55:16 2013 +0100|create folder 'static' automaticly [cli]
17df53a|bvandenbogaerde|Sun Dec 8 11:53:47 2013 +0100|base class, added static files path /static as default
aaa298b|bvandenbogaerde|Sun Dec 8 11:47:45 2013 +0100|added newline after image [readme]
b8d601b|bvandenbogaerde|Sun Dec 8 11:47:05 2013 +0100|added code climate badge to readme
a9edfb1|bvandenbogaerde|Sun Dec 8 11:42:54 2013 +0100|realtime class few changes
09bfd63|bvandenbogaerde|Sat Dec 7 20:45:46 2013 +0100|fixed base class
f974159|bvandenbogaerde|Sat Dec 7 20:40:19 2013 +0100|websocket communication (part 1)
5f7fa77|bvandenbogaerde|Tue Nov 26 21:37:44 2013 +0100|Fixed ModelHelper
3cdd287|bvandenbogaerde|Tue Nov 26 21:28:36 2013 +0100|fixed error handler, reduced code complexity
08f16f3|bvandenbogaerde|Tue Nov 26 21:18:00 2013 +0100|fix error pages
0591da1|bvandenbogaerde|Tue Nov 26 21:09:02 2013 +0100|auto-api finished without security
0974ac8|bvandenbogaerde|Mon Nov 25 22:19:41 2013 +0100|deleted old main file
015b083|bvandenbogaerde|Mon Nov 25 21:34:40 2013 +0100|test commit
88f3425|bvandenbogaerde|Mon Nov 25 21:21:29 2013 +0100|added watson
c9791e7|bvandenbogaerde|Mon Nov 25 20:46:07 2013 +0100|started auto-api feature
f882434|bvandenbogaerde|Mon Nov 25 20:27:35 2013 +0100|added support for error pages
3fdea05|bvandenbogaerde|Sun Nov 24 16:35:34 2013 +0100|changed default logo size
f271e90|bvandenbogaerde|Sun Nov 24 16:33:51 2013 +0100|updated documentation in readme
270bd5d|bvandenbogaerde|Sun Nov 24 15:43:13 2013 +0100|fixed routing
a0e2726|bvandenbogaerde|Sun Nov 24 15:36:06 2013 +0100|changed svg document size
cfc10e0|bvandenbogaerde|Sun Nov 24 15:35:19 2013 +0100|actionframework logo init
3436d2b|bvandenbogaerde|Sat Nov 23 21:11:12 2013 +0100|new logic for url pattern matching
aa13a92|bvandenbogaerde|Sat Nov 23 15:49:20 2013 +0100|CLI fix+Server fix
cbb9285|bvandenbogaerde|Sat Nov 23 15:21:44 2013 +0100|fix attempt CLI
812a818|bvandenbogaerde|Sat Nov 23 15:13:06 2013 +0100|complete rewrite of code, to make everthing look cleaner
9fdb3ee|bvandenbogaerde|Fri Nov 22 17:42:11 2013 +0100|variable "request" made available to controller
53a79d7|bvandenbogaerde|Fri Nov 22 16:59:57 2013 +0100|request body parameters for post requests will be parsed and added to params variable
d2ee4b0|bvandenbogaerde|Fri Nov 22 16:51:51 2013 +0100|added ability to add post,update,delete,patch routes
5f7ce3c|bvandenbogaerde|Thu Nov 21 21:39:57 2013 +0100|added documentation to getting started
cdbbd0f|bvandenbogaerde|Thu Nov 21 21:31:19 2013 +0100|changed readme
c573fcf|bvandenbogaerde|Thu Nov 21 21:30:04 2013 +0100|changed readme
05df58a|bvandenbogaerde|Thu Nov 21 21:28:57 2013 +0100|changed readme
82c9e0d|bvandenbogaerde|Thu Nov 21 21:21:16 2013 +0100|changed readme
e0489c2|bvandenbogaerde|Thu Nov 21 21:20:06 2013 +0100|changed readme
bd0cde8|bvandenbogaerde|Thu Nov 21 21:18:53 2013 +0100|changed readme
a2a9696|bvandenbogaerde|Thu Nov 21 20:57:04 2013 +0100|Merge branch 'master' of github.com:actionframework/actionframework
4d5bd33|bvandenbogaerde|Thu Nov 21 20:56:46 2013 +0100|initial commit
b2eae81|bramvdbogaerde|Thu Nov 21 11:48:24 2013 -0800|Initial commit